# JRE version: OpenJDK Runtime Environment JBR-17.0.7+7-1000.6-jcef (17.0.7+7) (build 17.0.7+7-b1000.6)
# Java VM: OpenJDK 64-Bit Server VM JBR-17.0.7+7-1000.6-jcef (17.0.7+7-b1000.6, mixed mode, tiered, compressed oops, compressed class ptrs, g1 gc, windows-amd64)
GC Precious Log:
 CPUs: 4 total, 4 available
 Memory: 3534M
 Large Page Support: Disabled
 NUMA Support: Disabled
 Compressed Oops: Enabled (32-bit)
 Heap Region Size: 1M
 Heap Min Capacity: 256M
 Heap Initial Capacity: 256M
 Heap Max Capacity: 512M
 Pre-touch: Disabled
 Parallel Workers: 4
 Concurrent Workers: 1
 Concurrent Refinement Workers: 4
 Periodic GC: Disabled
Heap:
 garbage-first heap   total 262144K, used 137156K [0x00000000e0000000, 0x0000000100000000)
  region size 1024K, 112 young (114688K), 6 survivors (6144K)
 Metaspace       used 49585K, committed 50048K, reserved 393216K
  class space    used 6632K, committed 6848K, reserved 327680K
GC Heap History (10 events):
Event: 4.536 GC heap before
{Heap before GC invocations=0 (full 0):
 garbage-first heap   total 262144K, used 13312K [0x00000000e0000000, 0x0000000100000000)
  region size 1024K, 13 young (13312K), 0 survivors (0K)
 Metaspace       used 7051K, committed 7168K, reserved 393216K
  class space    used 620K, committed 704K, reserved 327680K
}
Event: 4.788 GC heap after
{Heap after GC invocations=1 (full 0):
 garbage-first heap   total 262144K, used 1192K [0x00000000e0000000, 0x0000000100000000)
  region size 1024K, 2 young (2048K), 2 survivors (2048K)
 Metaspace       used 7051K, committed 7168K, reserved 393216K
  class space    used 620K, committed 704K, reserved 327680K
}
Event: 10.456 GC heap before
{Heap before GC invocations=1 (full 0):
 garbage-first heap   total 262144K, used 23720K [0x00000000e0000000, 0x0000000100000000)
  region size 1024K, 21 young (21504K), 2 survivors (2048K)
 Metaspace       used 10465K, committed 10688K, reserved 393216K
  class space    used 1060K, committed 1152K, reserved 327680K
}
Event: 10.463 GC heap after
{Heap after GC invocations=2 (full 0):
 garbage-first heap   total 262144K, used 10734K [0x00000000e0000000, 0x0000000100000000)
  region size 1024K, 3 young (3072K), 3 survivors (3072K)
 Metaspace       used 10465K, committed 10688K, reserved 393216K
  class space    used 1060K, committed 1152K, reserved 327680K
}
Event: 47.905 GC heap before
{Heap before GC invocations=2 (full 0):
 garbage-first heap   total 262144K, used 115182K [0x00000000e0000000, 0x0000000100000000)
  region size 1024K, 104 young (106496K), 3 survivors (3072K)
 Metaspace       used 21312K, committed 21504K, reserved 393216K
  class space    used 2513K, committed 2624K, reserved 327680K
}
Event: 47.936 GC heap after
{Heap after GC invocations=3 (full 0):
 garbage-first heap   total 262144K, used 20209K [0x00000000e0000000, 0x0000000100000000)
  region size 1024K, 12 young (12288K), 12 survivors (12288K)
 Metaspace       used 21312K, committed 21504K, reserved 393216K
  class space    used 2513K, committed 2624K, reserved 327680K
}
Event: 73.468 GC heap before
{Heap before GC invocations=4 (full 0):
 garbage-first heap   total 262144K, used 99057K [0x00000000e0000000, 0x0000000100000000)
  region size 1024K, 90 young (92160K), 12 survivors (12288K)
 Metaspace       used 32119K, committed 32448K, reserved 393216K
  class space    used 4292K, committed 4416K, reserved 327680K
}
Event: 73.545 GC heap after
{Heap after GC invocations=5 (full 0):
 garbage-first heap   total 262144K, used 24712K [0x00000000e0000000, 0x0000000100000000)
  region size 1024K, 5 young (5120K), 5 survivors (5120K)
 Metaspace       used 32119K, committed 32448K, reserved 393216K
  class space    used 4292K, committed 4416K, reserved 327680K
}
Event: 83.004 GC heap before
{Heap before GC invocations=5 (full 0):
 garbage-first heap   total 262144K, used 57480K [0x00000000e0000000, 0x0000000100000000)
  region size 1024K, 38 young (38912K), 5 survivors (5120K)
 Metaspace       used 35622K, committed 35968K, reserved 393216K
  class space    used 4874K, committed 5056K, reserved 327680K
}
Event: 83.014 GC heap after
{Heap after GC invocations=6 (full 0):
 garbage-first heap   total 262144K, used 25540K [0x00000000e0000000, 0x0000000100000000)
  region size 1024K, 6 young (6144K), 6 survivors (6144K)
 Metaspace       used 35622K, committed 35968K, reserved 393216K
  class space    used 4874K, committed 5056K, reserved 327680K
}

