# JRE version: OpenJDK Runtime Environment JBR-17.0.7+7-1000.6-jcef (17.0.7+7) (build 17.0.7+7-b1000.6)
# Java VM: OpenJDK 64-Bit Server VM JBR-17.0.7+7-1000.6-jcef (17.0.7+7-b1000.6, mixed mode, tiered, compressed oops, compressed class ptrs, g1 gc, windows-amd64)
GC Precious Log:
 CPUs: 4 total, 4 available
 Memory: 3534M
 Large Page Support: Disabled
 NUMA Support: Disabled
 Compressed Oops: Enabled (32-bit)
 Heap Region Size: 1M
 Heap Min Capacity: 256M
 Heap Initial Capacity: 256M
 Heap Max Capacity: 512M
 Pre-touch: Disabled
 Parallel Workers: 4
 Concurrent Workers: 1
 Concurrent Refinement Workers: 4
 Periodic GC: Disabled
Heap:
 garbage-first heap   total 262144K, used 154371K [0x00000000e0000000, 0x0000000100000000)
  region size 1024K, 109 young (111616K), 11 survivors (11264K)
 Metaspace       used 69810K, committed 70528K, reserved 393216K
  class space    used 9384K, committed 9728K, reserved 327680K
GC Heap History (20 events):
Event: 1.795 GC heap before
{Heap before GC invocations=0 (full 0):
 garbage-first heap   total 262144K, used 13312K [0x00000000e0000000, 0x0000000100000000)
  region size 1024K, 13 young (13312K), 0 survivors (0K)
 Metaspace       used 7049K, committed 7168K, reserved 393216K
  class space    used 620K, committed 704K, reserved 327680K
}
Event: 1.801 GC heap after
{Heap after GC invocations=1 (full 0):
 garbage-first heap   total 262144K, used 1228K [0x00000000e0000000, 0x0000000100000000)
  region size 1024K, 2 young (2048K), 2 survivors (2048K)
 Metaspace       used 7049K, committed 7168K, reserved 393216K
  class space    used 620K, committed 704K, reserved 327680K
}
Event: 3.599 GC heap before
{Heap before GC invocations=1 (full 0):
 garbage-first heap   total 262144K, used 23756K [0x00000000e0000000, 0x0000000100000000)
  region size 1024K, 21 young (21504K), 2 survivors (2048K)
 Metaspace       used 10438K, committed 10624K, reserved 393216K
  class space    used 1052K, committed 1152K, reserved 327680K
}
Event: 3.606 GC heap after
{Heap after GC invocations=2 (full 0):
 garbage-first heap   total 262144K, used 10565K [0x00000000e0000000, 0x0000000100000000)
  region size 1024K, 3 young (3072K), 3 survivors (3072K)
 Metaspace       used 10438K, committed 10624K, reserved 393216K
  class space    used 1052K, committed 1152K, reserved 327680K
}
Event: 17.582 GC heap before
{Heap before GC invocations=2 (full 0):
 garbage-first heap   total 262144K, used 113989K [0x00000000e0000000, 0x0000000100000000)
  region size 1024K, 103 young (105472K), 3 survivors (3072K)
 Metaspace       used 21293K, committed 21504K, reserved 393216K
  class space    used 2519K, committed 2624K, reserved 327680K
}
Event: 17.603 GC heap after
{Heap after GC invocations=3 (full 0):
 garbage-first heap   total 262144K, used 20171K [0x00000000e0000000, 0x0000000100000000)
  region size 1024K, 12 young (12288K), 12 survivors (12288K)
 Metaspace       used 21293K, committed 21504K, reserved 393216K
  class space    used 2519K, committed 2624K, reserved 327680K
}
Event: 22.525 GC heap before
{Heap before GC invocations=4 (full 0):
 garbage-first heap   total 262144K, used 93899K [0x00000000e0000000, 0x0000000100000000)
  region size 1024K, 85 young (87040K), 12 survivors (12288K)
 Metaspace       used 31425K, committed 31744K, reserved 393216K
  class space    used 4207K, committed 4352K, reserved 327680K
}
Event: 22.553 GC heap after
{Heap after GC invocations=5 (full 0):
 garbage-first heap   total 262144K, used 24628K [0x00000000e0000000, 0x0000000100000000)
  region size 1024K, 5 young (5120K), 5 survivors (5120K)
 Metaspace       used 31425K, committed 31744K, reserved 393216K
  class space    used 4207K, committed 4352K, reserved 327680K
}
Event: 25.290 GC heap before
{Heap before GC invocations=5 (full 0):
 garbage-first heap   total 262144K, used 60468K [0x00000000e0000000, 0x0000000100000000)
  region size 1024K, 41 young (41984K), 5 survivors (5120K)
 Metaspace       used 35625K, committed 35968K, reserved 393216K
  class space    used 4881K, committed 5056K, reserved 327680K
}
Event: 25.299 GC heap after
{Heap after GC invocations=6 (full 0):
 garbage-first heap   total 262144K, used 25484K [0x00000000e0000000, 0x0000000100000000)
  region size 1024K, 6 young (6144K), 6 survivors (6144K)
 Metaspace       used 35625K, committed 35968K, reserved 393216K
  class space    used 4881K, committed 5056K, reserved 327680K
}
Event: 52.319 GC heap before
{Heap before GC invocations=7 (full 0):
 garbage-first heap   total 262144K, used 182156K [0x00000000e0000000, 0x0000000100000000)
  region size 1024K, 153 young (156672K), 6 survivors (6144K)
 Metaspace       used 54679K, committed 55104K, reserved 393216K
  class space    used 7349K, committed 7552K, reserved 327680K
}
Event: 52.364 GC heap after
{Heap after GC invocations=8 (full 0):
 garbage-first heap   total 262144K, used 34975K [0x00000000e0000000, 0x0000000100000000)
  region size 1024K, 15 young (15360K), 15 survivors (15360K)
 Metaspace       used 54679K, committed 55104K, reserved 393216K
  class space    used 7349K, committed 7552K, reserved 327680K
}
Event: 52.503 GC heap before
{Heap before GC invocations=8 (full 0):
 garbage-first heap   total 262144K, used 35999K [0x00000000e0000000, 0x0000000100000000)
  region size 1024K, 16 young (16384K), 15 survivors (15360K)
 Metaspace       used 54779K, committed 55296K, reserved 393216K
  class space    used 7366K, committed 7616K, reserved 327680K
}
Event: 52.533 GC heap after
{Heap after GC invocations=9 (full 0):
 garbage-first heap   total 262144K, used 35785K [0x00000000e0000000, 0x0000000100000000)
  region size 1024K, 2 young (2048K), 2 survivors (2048K)
 Metaspace       used 54779K, committed 55296K, reserved 393216K
  class space    used 7366K, committed 7616K, reserved 327680K
}
Event: 59.993 GC heap before
{Heap before GC invocations=9 (full 0):
 garbage-first heap   total 262144K, used 93129K [0x00000000e0000000, 0x0000000100000000)
  region size 1024K, 60 young (61440K), 2 survivors (2048K)
 Metaspace       used 59637K, committed 60096K, reserved 393216K
  class space    used 8131K, committed 8384K, reserved 327680K
}
Event: 60.028 GC heap after
{Heap after GC invocations=10 (full 0):
 garbage-first heap   total 262144K, used 36687K [0x00000000e0000000, 0x0000000100000000)
  region size 1024K, 3 young (3072K), 3 survivors (3072K)
 Metaspace       used 59637K, committed 60096K, reserved 393216K
  class space    used 8131K, committed 8384K, reserved 327680K
}
Event: 93.965 GC heap before
{Heap before GC invocations=11 (full 0):
 garbage-first heap   total 262144K, used 190287K [0x00000000e0000000, 0x0000000100000000)
  region size 1024K, 153 young (156672K), 3 survivors (3072K)
 Metaspace       used 65707K, committed 66304K, reserved 393216K
  class space    used 8885K, committed 9152K, reserved 327680K
}
Event: 94.142 GC heap after
{Heap after GC invocations=12 (full 0):
 garbage-first heap   total 262144K, used 49522K [0x00000000e0000000, 0x0000000100000000)
  region size 1024K, 16 young (16384K), 16 survivors (16384K)
 Metaspace       used 65707K, committed 66304K, reserved 393216K
  class space    used 8885K, committed 9152K, reserved 327680K
}
Event: 249.535 GC heap before
{Heap before GC invocations=12 (full 0):
 garbage-first heap   total 262144K, used 188786K [0x00000000e0000000, 0x0000000100000000)
  region size 1024K, 153 young (156672K), 16 survivors (16384K)
 Metaspace       used 69057K, committed 69696K, reserved 393216K
  class space    used 9345K, committed 9664K, reserved 327680K
}
Event: 249.885 GC heap after
{Heap after GC invocations=13 (full 0):
 garbage-first heap   total 262144K, used 56067K [0x00000000e0000000, 0x0000000100000000)
  region size 1024K, 11 young (11264K), 11 survivors (11264K)
 Metaspace       used 69057K, committed 69696K, reserved 393216K
  class space    used 9345K, committed 9664K, reserved 327680K
}

