# JRE version: OpenJDK Runtime Environment JBR-17.0.7+7-1000.6-jcef (17.0.7+7) (build 17.0.7+7-b1000.6)
# Java VM: OpenJDK 64-Bit Server VM JBR-17.0.7+7-1000.6-jcef (17.0.7+7-b1000.6, mixed mode, tiered, compressed oops, compressed class ptrs, g1 gc, windows-amd64)
GC Precious Log:
 CPUs: 4 total, 4 available
 Memory: 3534M
 Large Page Support: Disabled
 NUMA Support: Disabled
 Compressed Oops: Enabled (32-bit)
 Heap Region Size: 1M
 Heap Min Capacity: 256M
 Heap Initial Capacity: 256M
 Heap Max Capacity: 512M
 Pre-touch: Disabled
 Parallel Workers: 4
 Concurrent Workers: 1
 Concurrent Refinement Workers: 4
 Periodic GC: Disabled
Heap:
 garbage-first heap   total 262144K, used 144988K [0x00000000e0000000, 0x0000000100000000)
  region size 1024K, 119 young (121856K), 13 survivors (13312K)
 Metaspace       used 65144K, committed 65664K, reserved 393216K
  class space    used 8878K, committed 9152K, reserved 327680K
GC Heap History (14 events):
Event: 2.947 GC heap before
{Heap before GC invocations=0 (full 0):
 garbage-first heap   total 262144K, used 13312K [0x00000000e0000000, 0x0000000100000000)
  region size 1024K, 13 young (13312K), 0 survivors (0K)
 Metaspace       used 7050K, committed 7168K, reserved 393216K
  class space    used 620K, committed 704K, reserved 327680K
}
Event: 2.950 GC heap after
{Heap after GC invocations=1 (full 0):
 garbage-first heap   total 262144K, used 1248K [0x00000000e0000000, 0x0000000100000000)
  region size 1024K, 2 young (2048K), 2 survivors (2048K)
 Metaspace       used 7050K, committed 7168K, reserved 393216K
  class space    used 620K, committed 704K, reserved 327680K
}
Event: 8.674 GC heap before
{Heap before GC invocations=1 (full 0):
 garbage-first heap   total 262144K, used 23776K [0x00000000e0000000, 0x0000000100000000)
  region size 1024K, 21 young (21504K), 2 survivors (2048K)
 Metaspace       used 10474K, committed 10688K, reserved 393216K
  class space    used 1061K, committed 1152K, reserved 327680K
}
Event: 8.680 GC heap after
{Heap after GC invocations=2 (full 0):
 garbage-first heap   total 262144K, used 10498K [0x00000000e0000000, 0x0000000100000000)
  region size 1024K, 3 young (3072K), 3 survivors (3072K)
 Metaspace       used 10474K, committed 10688K, reserved 393216K
  class space    used 1061K, committed 1152K, reserved 327680K
}
Event: 28.354 GC heap before
{Heap before GC invocations=2 (full 0):
 garbage-first heap   total 262144K, used 113922K [0x00000000e0000000, 0x0000000100000000)
  region size 1024K, 103 young (105472K), 3 survivors (3072K)
 Metaspace       used 21299K, committed 21504K, reserved 393216K
  class space    used 2521K, committed 2624K, reserved 327680K
}
Event: 28.379 GC heap after
{Heap after GC invocations=3 (full 0):
 garbage-first heap   total 262144K, used 19788K [0x00000000e0000000, 0x0000000100000000)
  region size 1024K, 12 young (12288K), 12 survivors (12288K)
 Metaspace       used 21299K, committed 21504K, reserved 393216K
  class space    used 2521K, committed 2624K, reserved 327680K
}
Event: 48.032 GC heap before
{Heap before GC invocations=4 (full 0):
 garbage-first heap   total 262144K, used 111948K [0x00000000e0000000, 0x0000000100000000)
  region size 1024K, 103 young (105472K), 12 survivors (12288K)
 Metaspace       used 33445K, committed 33792K, reserved 393216K
  class space    used 4546K, committed 4736K, reserved 327680K
}
Event: 48.143 GC heap after
{Heap after GC invocations=5 (full 0):
 garbage-first heap   total 262144K, used 24727K [0x00000000e0000000, 0x0000000100000000)
  region size 1024K, 5 young (5120K), 5 survivors (5120K)
 Metaspace       used 33445K, committed 33792K, reserved 393216K
  class space    used 4546K, committed 4736K, reserved 327680K
}
Event: 61.949 GC heap before
{Heap before GC invocations=5 (full 0):
 garbage-first heap   total 262144K, used 43159K [0x00000000e0000000, 0x0000000100000000)
  region size 1024K, 24 young (24576K), 5 survivors (5120K)
 Metaspace       used 35669K, committed 35968K, reserved 393216K
  class space    used 4890K, committed 5056K, reserved 327680K
}
Event: 61.980 GC heap after
{Heap after GC invocations=6 (full 0):
 garbage-first heap   total 262144K, used 25507K [0x00000000e0000000, 0x0000000100000000)
  region size 1024K, 6 young (6144K), 6 survivors (6144K)
 Metaspace       used 35669K, committed 35968K, reserved 393216K
  class space    used 4890K, committed 5056K, reserved 327680K
}
Event: 71.694 GC heap before
{Heap before GC invocations=7 (full 0):
 garbage-first heap   total 262144K, used 182179K [0x00000000e0000000, 0x0000000100000000)
  region size 1024K, 153 young (156672K), 6 survivors (6144K)
 Metaspace       used 54792K, committed 55232K, reserved 393216K
  class space    used 7383K, committed 7616K, reserved 327680K
}
Event: 71.726 GC heap after
{Heap after GC invocations=8 (full 0):
 garbage-first heap   total 262144K, used 35439K [0x00000000e0000000, 0x0000000100000000)
  region size 1024K, 16 young (16384K), 16 survivors (16384K)
 Metaspace       used 54792K, committed 55232K, reserved 393216K
  class space    used 7383K, committed 7616K, reserved 327680K
}
Event: 75.602 GC heap before
{Heap before GC invocations=8 (full 0):
 garbage-first heap   total 262144K, used 92783K [0x00000000e0000000, 0x0000000100000000)
  region size 1024K, 73 young (74752K), 16 survivors (16384K)
 Metaspace       used 59714K, committed 60160K, reserved 393216K
  class space    used 8167K, committed 8384K, reserved 327680K
}
Event: 75.632 GC heap after
{Heap after GC invocations=9 (full 0):
 garbage-first heap   total 262144K, used 37468K [0x00000000e0000000, 0x0000000100000000)
  region size 1024K, 13 young (13312K), 13 survivors (13312K)
 Metaspace       used 59714K, committed 60160K, reserved 393216K
  class space    used 8167K, committed 8384K, reserved 327680K
}

