# JRE version: OpenJDK Runtime Environment JBR-17.0.7+7-1000.6-jcef (17.0.7+7) (build 17.0.7+7-b1000.6)
# Java VM: OpenJDK 64-Bit Server VM JBR-17.0.7+7-1000.6-jcef (17.0.7+7-b1000.6, mixed mode, tiered, compressed oops, compressed class ptrs, g1 gc, windows-amd64)
GC Precious Log:
 CPUs: 4 total, 4 available
 Memory: 3534M
 Large Page Support: Disabled
 NUMA Support: Disabled
 Compressed Oops: Enabled (32-bit)
 Heap Region Size: 1M
 Heap Min Capacity: 256M
 Heap Initial Capacity: 256M
 Heap Max Capacity: 512M
 Pre-touch: Disabled
 Parallel Workers: 4
 Concurrent Workers: 1
 Concurrent Refinement Workers: 4
 Periodic GC: Disabled
Heap:
 garbage-first heap   total 262144K, used 138124K [0x00000000e0000000, 0x0000000100000000)
  region size 1024K, 110 young (112640K), 3 survivors (3072K)
 Metaspace       used 49708K, committed 50112K, reserved 393216K
  class space    used 6633K, committed 6848K, reserved 327680K
GC Heap History (12 events):
Event: 2.008 GC heap before
{Heap before GC invocations=0 (full 0):
 garbage-first heap   total 262144K, used 13312K [0x00000000e0000000, 0x0000000100000000)
  region size 1024K, 13 young (13312K), 0 survivors (0K)
 Metaspace       used 7046K, committed 7168K, reserved 393216K
  class space    used 620K, committed 704K, reserved 327680K
}
Event: 2.045 GC heap after
{Heap after GC invocations=1 (full 0):
 garbage-first heap   total 262144K, used 1200K [0x00000000e0000000, 0x0000000100000000)
  region size 1024K, 2 young (2048K), 2 survivors (2048K)
 Metaspace       used 7046K, committed 7168K, reserved 393216K
  class space    used 620K, committed 704K, reserved 327680K
}
Event: 6.849 GC heap before
{Heap before GC invocations=1 (full 0):
 garbage-first heap   total 262144K, used 23728K [0x00000000e0000000, 0x0000000100000000)
  region size 1024K, 21 young (21504K), 2 survivors (2048K)
 Metaspace       used 10426K, committed 10560K, reserved 393216K
  class space    used 1050K, committed 1152K, reserved 327680K
}
Event: 6.863 GC heap after
{Heap after GC invocations=2 (full 0):
 garbage-first heap   total 262144K, used 10674K [0x00000000e0000000, 0x0000000100000000)
  region size 1024K, 3 young (3072K), 3 survivors (3072K)
 Metaspace       used 10426K, committed 10560K, reserved 393216K
  class space    used 1050K, committed 1152K, reserved 327680K
}
Event: 42.966 GC heap before
{Heap before GC invocations=2 (full 0):
 garbage-first heap   total 262144K, used 115122K [0x00000000e0000000, 0x0000000100000000)
  region size 1024K, 104 young (106496K), 3 survivors (3072K)
 Metaspace       used 21329K, committed 21504K, reserved 393216K
  class space    used 2519K, committed 2624K, reserved 327680K
}
Event: 43.027 GC heap after
{Heap after GC invocations=3 (full 0):
 garbage-first heap   total 262144K, used 20063K [0x00000000e0000000, 0x0000000100000000)
  region size 1024K, 12 young (12288K), 12 survivors (12288K)
 Metaspace       used 21329K, committed 21504K, reserved 393216K
  class space    used 2519K, committed 2624K, reserved 327680K
}
Event: 61.468 GC heap before
{Heap before GC invocations=4 (full 0):
 garbage-first heap   total 262144K, used 68191K [0x00000000e0000000, 0x0000000100000000)
  region size 1024K, 60 young (61440K), 12 survivors (12288K)
 Metaspace       used 28202K, committed 28544K, reserved 393216K
  class space    used 3679K, committed 3840K, reserved 327680K
}
Event: 61.489 GC heap after
{Heap after GC invocations=5 (full 0):
 garbage-first heap   total 262144K, used 22924K [0x00000000e0000000, 0x0000000100000000)
  region size 1024K, 3 young (3072K), 3 survivors (3072K)
 Metaspace       used 28202K, committed 28544K, reserved 393216K
  class space    used 3679K, committed 3840K, reserved 327680K
}
Event: 62.662 GC heap before
{Heap before GC invocations=5 (full 0):
 garbage-first heap   total 262144K, used 31116K [0x00000000e0000000, 0x0000000100000000)
  region size 1024K, 12 young (12288K), 3 survivors (3072K)
 Metaspace       used 29332K, committed 29632K, reserved 393216K
  class space    used 3857K, committed 3968K, reserved 327680K
}
Event: 62.674 GC heap after
{Heap after GC invocations=6 (full 0):
 garbage-first heap   total 262144K, used 23467K [0x00000000e0000000, 0x0000000100000000)
  region size 1024K, 1 young (1024K), 1 survivors (1024K)
 Metaspace       used 29332K, committed 29632K, reserved 393216K
  class space    used 3857K, committed 3968K, reserved 327680K
}
Event: 70.732 GC heap before
{Heap before GC invocations=6 (full 0):
 garbage-first heap   total 262144K, used 77739K [0x00000000e0000000, 0x0000000100000000)
  region size 1024K, 55 young (56320K), 1 survivors (1024K)
 Metaspace       used 35666K, committed 35968K, reserved 393216K
  class space    used 4887K, committed 5056K, reserved 327680K
}
Event: 70.746 GC heap after
{Heap after GC invocations=7 (full 0):
 garbage-first heap   total 262144K, used 25484K [0x00000000e0000000, 0x0000000100000000)
  region size 1024K, 3 young (3072K), 3 survivors (3072K)
 Metaspace       used 35666K, committed 35968K, reserved 393216K
  class space    used 4887K, committed 5056K, reserved 327680K
}

