# JRE version: OpenJDK Runtime Environment JBR-17.0.7+7-1000.6-jcef (17.0.7+7) (build 17.0.7+7-b1000.6)
# Java VM: OpenJDK 64-Bit Server VM JBR-17.0.7+7-1000.6-jcef (17.0.7+7-b1000.6, mixed mode, tiered, compressed oops, compressed class ptrs, g1 gc, windows-amd64)
GC Precious Log:
 CPUs: 4 total, 4 available
 Memory: 3534M
 Large Page Support: Disabled
 NUMA Support: Disabled
 Compressed Oops: Enabled (32-bit)
 Heap Region Size: 1M
 Heap Min Capacity: 256M
 Heap Initial Capacity: 256M
 Heap Max Capacity: 512M
 Pre-touch: Disabled
 Parallel Workers: 4
 Concurrent Workers: 1
 Concurrent Refinement Workers: 4
 Periodic GC: Disabled
Heap:
 garbage-first heap   total 262144K, used 57906K [0x00000000e0000000, 0x0000000100000000)
  region size 1024K, 35 young (35840K), 11 survivors (11264K)
 Metaspace       used 57722K, committed 58176K, reserved 393216K
  class space    used 7795K, committed 8000K, reserved 327680K
GC Heap History (14 events):
Event: 19.095 GC heap before
{Heap before GC invocations=0 (full 0):
 garbage-first heap   total 262144K, used 13312K [0x00000000e0000000, 0x0000000100000000)
  region size 1024K, 13 young (13312K), 0 survivors (0K)
 Metaspace       used 7049K, committed 7168K, reserved 393216K
  class space    used 620K, committed 704K, reserved 327680K
}
Event: 19.269 GC heap after
{Heap after GC invocations=1 (full 0):
 garbage-first heap   total 262144K, used 1200K [0x00000000e0000000, 0x0000000100000000)
  region size 1024K, 2 young (2048K), 2 survivors (2048K)
 Metaspace       used 7049K, committed 7168K, reserved 393216K
  class space    used 620K, committed 704K, reserved 327680K
}
Event: 35.665 GC heap before
{Heap before GC invocations=1 (full 0):
 garbage-first heap   total 262144K, used 23728K [0x00000000e0000000, 0x0000000100000000)
  region size 1024K, 21 young (21504K), 2 survivors (2048K)
 Metaspace       used 10458K, committed 10688K, reserved 393216K
  class space    used 1059K, committed 1152K, reserved 327680K
}
Event: 35.708 GC heap after
{Heap after GC invocations=2 (full 0):
 garbage-first heap   total 262144K, used 10441K [0x00000000e0000000, 0x0000000100000000)
  region size 1024K, 3 young (3072K), 3 survivors (3072K)
 Metaspace       used 10458K, committed 10688K, reserved 393216K
  class space    used 1059K, committed 1152K, reserved 327680K
}
Event: 83.411 GC heap before
{Heap before GC invocations=2 (full 0):
 garbage-first heap   total 262144K, used 113865K [0x00000000e0000000, 0x0000000100000000)
  region size 1024K, 103 young (105472K), 3 survivors (3072K)
 Metaspace       used 21330K, committed 21504K, reserved 393216K
  class space    used 2517K, committed 2624K, reserved 327680K
}
Event: 83.770 GC heap after
{Heap after GC invocations=3 (full 0):
 garbage-first heap   total 262144K, used 20157K [0x00000000e0000000, 0x0000000100000000)
  region size 1024K, 12 young (12288K), 12 survivors (12288K)
 Metaspace       used 21330K, committed 21504K, reserved 393216K
  class space    used 2517K, committed 2624K, reserved 327680K
}
Event: 97.640 GC heap before
{Heap before GC invocations=4 (full 0):
 garbage-first heap   total 262144K, used 45757K [0x00000000e0000000, 0x0000000100000000)
  region size 1024K, 38 young (38912K), 12 survivors (12288K)
 Metaspace       used 25559K, committed 25792K, reserved 393216K
  class space    used 3211K, committed 3328K, reserved 327680K
}
Event: 97.690 GC heap after
{Heap after GC invocations=5 (full 0):
 garbage-first heap   total 262144K, used 21338K [0x00000000e0000000, 0x0000000100000000)
  region size 1024K, 2 young (2048K), 2 survivors (2048K)
 Metaspace       used 25559K, committed 25792K, reserved 393216K
  class space    used 3211K, committed 3328K, reserved 327680K
}
Event: 151.647 GC heap before
{Heap before GC invocations=5 (full 0):
 garbage-first heap   total 262144K, used 106330K [0x00000000e0000000, 0x0000000100000000)
  region size 1024K, 86 young (88064K), 2 survivors (2048K)
 Metaspace       used 35667K, committed 35968K, reserved 393216K
  class space    used 4885K, committed 5056K, reserved 327680K
}
Event: 151.756 GC heap after
{Heap after GC invocations=6 (full 0):
 garbage-first heap   total 262144K, used 25329K [0x00000000e0000000, 0x0000000100000000)
  region size 1024K, 6 young (6144K), 6 survivors (6144K)
 Metaspace       used 35667K, committed 35968K, reserved 393216K
  class space    used 4885K, committed 5056K, reserved 327680K
}
Event: 161.650 GC heap before
{Heap before GC invocations=7 (full 0):
 garbage-first heap   total 262144K, used 70385K [0x00000000e0000000, 0x0000000100000000)
  region size 1024K, 51 young (52224K), 6 survivors (6144K)
 Metaspace       used 44293K, committed 44608K, reserved 393216K
  class space    used 5953K, committed 6080K, reserved 327680K
}
Event: 161.695 GC heap after
{Heap after GC invocations=8 (full 0):
 garbage-first heap   total 262144K, used 29534K [0x00000000e0000000, 0x0000000100000000)
  region size 1024K, 5 young (5120K), 5 survivors (5120K)
 Metaspace       used 44293K, committed 44608K, reserved 393216K
  class space    used 5953K, committed 6080K, reserved 327680K
}
Event: 231.822 GC heap before
{Heap before GC invocations=8 (full 0):
 garbage-first heap   total 262144K, used 158558K [0x00000000e0000000, 0x0000000100000000)
  region size 1024K, 125 young (128000K), 5 survivors (5120K)
 Metaspace       used 56304K, committed 56768K, reserved 393216K
  class space    used 7600K, committed 7808K, reserved 327680K
}
Event: 231.993 GC heap after
{Heap after GC invocations=9 (full 0):
 garbage-first heap   total 262144K, used 35378K [0x00000000e0000000, 0x0000000100000000)
  region size 1024K, 11 young (11264K), 11 survivors (11264K)
 Metaspace       used 56304K, committed 56768K, reserved 393216K
  class space    used 7600K, committed 7808K, reserved 327680K
}

