# JRE version: OpenJDK Runtime Environment JBR-17.0.7+7-1000.6-jcef (17.0.7+7) (build 17.0.7+7-b1000.6)
# Java VM: OpenJDK 64-Bit Server VM JBR-17.0.7+7-1000.6-jcef (17.0.7+7-b1000.6, mixed mode, tiered, compressed oops, compressed class ptrs, g1 gc, windows-amd64)
GC Precious Log:
 CPUs: 4 total, 4 available
 Memory: 3534M
 Large Page Support: Disabled
 NUMA Support: Disabled
 Compressed Oops: Enabled (32-bit)
 Heap Region Size: 1M
 Heap Min Capacity: 256M
 Heap Initial Capacity: 256M
 Heap Max Capacity: 512M
 Pre-touch: Disabled
 Parallel Workers: 4
 Concurrent Workers: 1
 Concurrent Refinement Workers: 4
 Periodic GC: Disabled
Heap:
 garbage-first heap   total 262144K, used 169618K [0x00000000e0000000, 0x0000000100000000)
  region size 1024K, 120 young (122880K), 19 survivors (19456K)
 Metaspace       used 78176K, committed 78848K, reserved 458752K
  class space    used 10564K, committed 10880K, reserved 327680K
GC Heap History (20 events):
Event: 4.516 GC heap before
{Heap before GC invocations=1 (full 0):
 garbage-first heap   total 262144K, used 23736K [0x00000000e0000000, 0x0000000100000000)
  region size 1024K, 21 young (21504K), 2 survivors (2048K)
 Metaspace       used 10452K, committed 10624K, reserved 393216K
  class space    used 1056K, committed 1152K, reserved 327680K
}
Event: 4.524 GC heap after
{Heap after GC invocations=2 (full 0):
 garbage-first heap   total 262144K, used 10436K [0x00000000e0000000, 0x0000000100000000)
  region size 1024K, 3 young (3072K), 3 survivors (3072K)
 Metaspace       used 10452K, committed 10624K, reserved 393216K
  class space    used 1056K, committed 1152K, reserved 327680K
}
Event: 15.542 GC heap before
{Heap before GC invocations=2 (full 0):
 garbage-first heap   total 262144K, used 113860K [0x00000000e0000000, 0x0000000100000000)
  region size 1024K, 103 young (105472K), 3 survivors (3072K)
 Metaspace       used 21289K, committed 21504K, reserved 393216K
  class space    used 2518K, committed 2624K, reserved 327680K
}
Event: 15.562 GC heap after
{Heap after GC invocations=3 (full 0):
 garbage-first heap   total 262144K, used 19912K [0x00000000e0000000, 0x0000000100000000)
  region size 1024K, 12 young (12288K), 12 survivors (12288K)
 Metaspace       used 21289K, committed 21504K, reserved 393216K
  class space    used 2518K, committed 2624K, reserved 327680K
}
Event: 27.681 GC heap before
{Heap before GC invocations=4 (full 0):
 garbage-first heap   total 262144K, used 89544K [0x00000000e0000000, 0x0000000100000000)
  region size 1024K, 81 young (82944K), 12 survivors (12288K)
 Metaspace       used 30785K, committed 31040K, reserved 393216K
  class space    used 4094K, committed 4224K, reserved 327680K
}
Event: 27.707 GC heap after
{Heap after GC invocations=5 (full 0):
 garbage-first heap   total 262144K, used 24113K [0x00000000e0000000, 0x0000000100000000)
  region size 1024K, 5 young (5120K), 5 survivors (5120K)
 Metaspace       used 30785K, committed 31040K, reserved 393216K
  class space    used 4094K, committed 4224K, reserved 327680K
}
Event: 31.371 GC heap before
{Heap before GC invocations=5 (full 0):
 garbage-first heap   total 262144K, used 65073K [0x00000000e0000000, 0x0000000100000000)
  region size 1024K, 46 young (47104K), 5 survivors (5120K)
 Metaspace       used 35661K, committed 35968K, reserved 393216K
  class space    used 4893K, committed 5056K, reserved 327680K
}
Event: 31.382 GC heap after
{Heap after GC invocations=6 (full 0):
 garbage-first heap   total 262144K, used 25485K [0x00000000e0000000, 0x0000000100000000)
  region size 1024K, 6 young (6144K), 6 survivors (6144K)
 Metaspace       used 35661K, committed 35968K, reserved 393216K
  class space    used 4893K, committed 5056K, reserved 327680K
}
Event: 46.388 GC heap before
{Heap before GC invocations=7 (full 0):
 garbage-first heap   total 262144K, used 182157K [0x00000000e0000000, 0x0000000100000000)
  region size 1024K, 153 young (156672K), 6 survivors (6144K)
 Metaspace       used 54662K, committed 55104K, reserved 393216K
  class space    used 7350K, committed 7552K, reserved 327680K
}
Event: 46.440 GC heap after
{Heap after GC invocations=8 (full 0):
 garbage-first heap   total 262144K, used 35027K [0x00000000e0000000, 0x0000000100000000)
  region size 1024K, 15 young (15360K), 15 survivors (15360K)
 Metaspace       used 54662K, committed 55104K, reserved 393216K
  class space    used 7350K, committed 7552K, reserved 327680K
}
Event: 46.479 GC heap before
{Heap before GC invocations=8 (full 0):
 garbage-first heap   total 262144K, used 36051K [0x00000000e0000000, 0x0000000100000000)
  region size 1024K, 16 young (16384K), 15 survivors (15360K)
 Metaspace       used 54778K, committed 55232K, reserved 393216K
  class space    used 7370K, committed 7616K, reserved 327680K
}
Event: 46.525 GC heap after
{Heap after GC invocations=9 (full 0):
 garbage-first heap   total 262144K, used 35997K [0x00000000e0000000, 0x0000000100000000)
  region size 1024K, 2 young (2048K), 2 survivors (2048K)
 Metaspace       used 54778K, committed 55232K, reserved 393216K
  class space    used 7370K, committed 7616K, reserved 327680K
}
Event: 54.038 GC heap before
{Heap before GC invocations=9 (full 0):
 garbage-first heap   total 262144K, used 95389K [0x00000000e0000000, 0x0000000100000000)
  region size 1024K, 62 young (63488K), 2 survivors (2048K)
 Metaspace       used 59797K, committed 60288K, reserved 393216K
  class space    used 8174K, committed 8448K, reserved 327680K
}
Event: 54.049 GC heap after
{Heap after GC invocations=10 (full 0):
 garbage-first heap   total 262144K, used 36755K [0x00000000e0000000, 0x0000000100000000)
  region size 1024K, 3 young (3072K), 3 survivors (3072K)
 Metaspace       used 59797K, committed 60288K, reserved 393216K
  class space    used 8174K, committed 8448K, reserved 327680K
}
Event: 80.920 GC heap before
{Heap before GC invocations=11 (full 0):
 garbage-first heap   total 262144K, used 190355K [0x00000000e0000000, 0x0000000100000000)
  region size 1024K, 153 young (156672K), 3 survivors (3072K)
 Metaspace       used 65767K, committed 66368K, reserved 393216K
  class space    used 8889K, committed 9152K, reserved 327680K
}
Event: 81.084 GC heap after
{Heap after GC invocations=12 (full 0):
 garbage-first heap   total 262144K, used 49097K [0x00000000e0000000, 0x0000000100000000)
  region size 1024K, 15 young (15360K), 15 survivors (15360K)
 Metaspace       used 65767K, committed 66368K, reserved 393216K
  class space    used 8889K, committed 9152K, reserved 327680K
}
Event: 81.413 GC heap before
{Heap before GC invocations=12 (full 0):
 garbage-first heap   total 262144K, used 50121K [0x00000000e0000000, 0x0000000100000000)
  region size 1024K, 16 young (16384K), 15 survivors (15360K)
 Metaspace       used 65774K, committed 66368K, reserved 393216K
  class space    used 8889K, committed 9152K, reserved 327680K
}
Event: 81.490 GC heap after
{Heap after GC invocations=13 (full 0):
 garbage-first heap   total 262144K, used 49969K [0x00000000e0000000, 0x0000000100000000)
  region size 1024K, 2 young (2048K), 2 survivors (2048K)
 Metaspace       used 65774K, committed 66368K, reserved 393216K
  class space    used 8889K, committed 9152K, reserved 327680K
}
Event: 95.927 GC heap before
{Heap before GC invocations=13 (full 0):
 garbage-first heap   total 262144K, used 202545K [0x00000000e0000000, 0x0000000100000000)
  region size 1024K, 151 young (154624K), 2 survivors (2048K)
 Metaspace       used 71717K, committed 72320K, reserved 393216K
  class space    used 9816K, committed 10112K, reserved 327680K
}
Event: 96.073 GC heap after
{Heap after GC invocations=14 (full 0):
 garbage-first heap   total 262144K, used 67218K [0x00000000e0000000, 0x0000000100000000)
  region size 1024K, 19 young (19456K), 19 survivors (19456K)
 Metaspace       used 71717K, committed 72320K, reserved 393216K
  class space    used 9816K, committed 10112K, reserved 327680K
}

