# JRE version: OpenJDK Runtime Environment JBR-17.0.7+7-1000.6-jcef (17.0.7+7) (build 17.0.7+7-b1000.6)
# Java VM: OpenJDK 64-Bit Server VM JBR-17.0.7+7-1000.6-jcef (17.0.7+7-b1000.6, mixed mode, emulated-client, tiered, compressed oops, compressed class ptrs, g1 gc, windows-amd64)
GC Precious Log:
 CPUs: 4 total, 4 available
 Memory: 3534M
 Large Page Support: Disabled
 NUMA Support: Disabled
 Compressed Oops: Enabled (32-bit)
 Heap Region Size: 1M
 Heap Min Capacity: 8M
 Heap Initial Capacity: 56M
 Heap Max Capacity: 884M
 Pre-touch: Disabled
 Parallel Workers: 4
 Concurrent Workers: 1
 Concurrent Refinement Workers: 4
 Periodic GC: Disabled
Heap:
 garbage-first heap   total 89088K, used 39820K [0x00000000c8c00000, 0x0000000100000000)
  region size 1024K, 1 young (1024K), 1 survivors (1024K)
 Metaspace       used 79682K, committed 80256K, reserved 1179648K
  class space    used 11506K, committed 11776K, reserved 1048576K
GC Heap History (20 events):
Event: 22.751 GC heap after
{Heap after GC invocations=30 (full 0):
 garbage-first heap   total 70656K, used 31773K [0x00000000c8c00000, 0x0000000100000000)
  region size 1024K, 1 young (1024K), 1 survivors (1024K)
 Metaspace       used 72707K, committed 73280K, reserved 1114112K
  class space    used 10253K, committed 10496K, reserved 1048576K
}
Event: 25.631 GC heap before
{Heap before GC invocations=30 (full 0):
 garbage-first heap   total 70656K, used 56349K [0x00000000c8c00000, 0x0000000100000000)
  region size 1024K, 26 young (26624K), 1 survivors (1024K)
 Metaspace       used 75140K, committed 75712K, reserved 1114112K
  class space    used 10708K, committed 10944K, reserved 1048576K
}
Event: 25.635 GC heap after
{Heap after GC invocations=31 (full 0):
 garbage-first heap   total 70656K, used 32963K [0x00000000c8c00000, 0x0000000100000000)
  region size 1024K, 2 young (2048K), 2 survivors (2048K)
 Metaspace       used 75140K, committed 75712K, reserved 1114112K
  class space    used 10708K, committed 10944K, reserved 1048576K
}
Event: 27.394 GC heap before
{Heap before GC invocations=31 (full 0):
 garbage-first heap   total 70656K, used 56515K [0x00000000c8c00000, 0x0000000100000000)
  region size 1024K, 26 young (26624K), 2 survivors (2048K)
 Metaspace       used 76771K, committed 77376K, reserved 1179648K
  class space    used 11070K, committed 11328K, reserved 1048576K
}
Event: 27.402 GC heap after
{Heap after GC invocations=32 (full 0):
 garbage-first heap   total 70656K, used 36796K [0x00000000c8c00000, 0x0000000100000000)
  region size 1024K, 4 young (4096K), 4 survivors (4096K)
 Metaspace       used 76771K, committed 77376K, reserved 1179648K
  class space    used 11070K, committed 11328K, reserved 1048576K
}
Event: 27.449 GC heap before
{Heap before GC invocations=32 (full 0):
 garbage-first heap   total 70656K, used 56252K [0x00000000c8c00000, 0x0000000100000000)
  region size 1024K, 23 young (23552K), 4 survivors (4096K)
 Metaspace       used 76778K, committed 77376K, reserved 1179648K
  class space    used 11070K, committed 11328K, reserved 1048576K
}
Event: 27.461 GC heap after
{Heap after GC invocations=33 (full 0):
 garbage-first heap   total 70656K, used 41984K [0x00000000c8c00000, 0x0000000100000000)
  region size 1024K, 3 young (3072K), 3 survivors (3072K)
 Metaspace       used 76778K, committed 77376K, reserved 1179648K
  class space    used 11070K, committed 11328K, reserved 1048576K
}
Event: 27.505 GC heap before
{Heap before GC invocations=33 (full 0):
 garbage-first heap   total 70656K, used 56320K [0x00000000c8c00000, 0x0000000100000000)
  region size 1024K, 17 young (17408K), 3 survivors (3072K)
 Metaspace       used 76778K, committed 77376K, reserved 1179648K
  class space    used 11070K, committed 11328K, reserved 1048576K
}
Event: 27.514 GC heap after
{Heap after GC invocations=34 (full 0):
 garbage-first heap   total 70656K, used 46450K [0x00000000c8c00000, 0x0000000100000000)
  region size 1024K, 3 young (3072K), 3 survivors (3072K)
 Metaspace       used 76778K, committed 77376K, reserved 1179648K
  class space    used 11070K, committed 11328K, reserved 1048576K
}
Event: 27.558 GC heap before
{Heap before GC invocations=34 (full 0):
 garbage-first heap   total 89088K, used 55666K [0x00000000c8c00000, 0x0000000100000000)
  region size 1024K, 12 young (12288K), 3 survivors (3072K)
 Metaspace       used 76778K, committed 77376K, reserved 1179648K
  class space    used 11070K, committed 11328K, reserved 1048576K
}
Event: 27.572 GC heap after
{Heap after GC invocations=35 (full 0):
 garbage-first heap   total 89088K, used 50590K [0x00000000c8c00000, 0x0000000100000000)
  region size 1024K, 2 young (2048K), 2 survivors (2048K)
 Metaspace       used 76778K, committed 77376K, reserved 1179648K
  class space    used 11070K, committed 11328K, reserved 1048576K
}
Event: 27.688 GC heap before
{Heap before GC invocations=36 (full 0):
 garbage-first heap   total 89088K, used 66974K [0x00000000c8c00000, 0x0000000100000000)
  region size 1024K, 18 young (18432K), 2 survivors (2048K)
 Metaspace       used 76779K, committed 77376K, reserved 1179648K
  class space    used 11070K, committed 11328K, reserved 1048576K
}
Event: 27.695 GC heap after
{Heap after GC invocations=37 (full 0):
 garbage-first heap   total 89088K, used 51638K [0x00000000c8c00000, 0x0000000100000000)
  region size 1024K, 1 young (1024K), 1 survivors (1024K)
 Metaspace       used 76779K, committed 77376K, reserved 1179648K
  class space    used 11070K, committed 11328K, reserved 1048576K
}
Event: 27.942 GC heap before
{Heap before GC invocations=37 (full 0):
 garbage-first heap   total 89088K, used 68022K [0x00000000c8c00000, 0x0000000100000000)
  region size 1024K, 18 young (18432K), 1 survivors (1024K)
 Metaspace       used 77460K, committed 78080K, reserved 1179648K
  class space    used 11172K, committed 11456K, reserved 1048576K
}
Event: 27.945 GC heap after
{Heap after GC invocations=38 (full 0):
 garbage-first heap   total 89088K, used 51516K [0x00000000c8c00000, 0x0000000100000000)
  region size 1024K, 1 young (1024K), 1 survivors (1024K)
 Metaspace       used 77460K, committed 78080K, reserved 1179648K
  class space    used 11172K, committed 11456K, reserved 1048576K
}
Event: 29.198 GC heap before
{Heap before GC invocations=39 (full 0):
 garbage-first heap   total 89088K, used 68924K [0x00000000c8c00000, 0x0000000100000000)
  region size 1024K, 20 young (20480K), 1 survivors (1024K)
 Metaspace       used 79170K, committed 79744K, reserved 1179648K
  class space    used 11420K, committed 11648K, reserved 1048576K
}
Event: 29.207 GC heap after
{Heap after GC invocations=40 (full 0):
 garbage-first heap   total 89088K, used 50749K [0x00000000c8c00000, 0x0000000100000000)
  region size 1024K, 2 young (2048K), 2 survivors (2048K)
 Metaspace       used 79170K, committed 79744K, reserved 1179648K
  class space    used 11420K, committed 11648K, reserved 1048576K
}
Event: 29.373 GC heap before
{Heap before GC invocations=40 (full 0):
 garbage-first heap   total 89088K, used 52797K [0x00000000c8c00000, 0x0000000100000000)
  region size 1024K, 4 young (4096K), 2 survivors (2048K)
 Metaspace       used 79509K, committed 80064K, reserved 1179648K
  class space    used 11476K, committed 11712K, reserved 1048576K
}
Event: 29.381 GC heap after
{Heap after GC invocations=41 (full 0):
 garbage-first heap   total 89088K, used 42179K [0x00000000c8c00000, 0x0000000100000000)
  region size 1024K, 1 young (1024K), 1 survivors (1024K)
 Metaspace       used 79509K, committed 80064K, reserved 1179648K
  class space    used 11476K, committed 11712K, reserved 1048576K
}
Event: 29.543 GC heap before
{Heap before GC invocations=41 (full 0):
 garbage-first heap   total 89088K, used 45251K [0x00000000c8c00000, 0x0000000100000000)
  region size 1024K, 4 young (4096K), 1 survivors (1024K)
 Metaspace       used 79682K, committed 80256K, reserved 1179648K
  class space    used 11506K, committed 11776K, reserved 1048576K
}

