# JRE version: OpenJDK Runtime Environment JBR-17.0.7+7-1000.6-jcef (17.0.7+7) (build 17.0.7+7-b1000.6)
# Java VM: OpenJDK 64-Bit Server VM JBR-17.0.7+7-1000.6-jcef (17.0.7+7-b1000.6, mixed mode, tiered, compressed oops, compressed class ptrs, g1 gc, windows-amd64)
GC Precious Log:
 CPUs: 4 total, 4 available
 Memory: 3534M
 Large Page Support: Disabled
 NUMA Support: Disabled
 Compressed Oops: Enabled (32-bit)
 Heap Region Size: 1M
 Heap Min Capacity: 256M
 Heap Initial Capacity: 256M
 Heap Max Capacity: 512M
 Pre-touch: Disabled
 Parallel Workers: 4
 Concurrent Workers: 1
 Concurrent Refinement Workers: 4
 Periodic GC: Disabled
Heap:
 garbage-first heap   total 262144K, used 177202K [0x00000000e0000000, 0x0000000100000000)
  region size 1024K, 130 young (133120K), 18 survivors (18432K)
 Metaspace       used 78147K, committed 78784K, reserved 458752K
  class space    used 10561K, committed 10880K, reserved 327680K
GC Heap History (20 events):
Event: 5.668 GC heap before
{Heap before GC invocations=1 (full 0):
 garbage-first heap   total 262144K, used 23724K [0x00000000e0000000, 0x0000000100000000)
  region size 1024K, 21 young (21504K), 2 survivors (2048K)
 Metaspace       used 10462K, committed 10688K, reserved 393216K
  class space    used 1057K, committed 1152K, reserved 327680K
}
Event: 5.675 GC heap after
{Heap after GC invocations=2 (full 0):
 garbage-first heap   total 262144K, used 10710K [0x00000000e0000000, 0x0000000100000000)
  region size 1024K, 3 young (3072K), 3 survivors (3072K)
 Metaspace       used 10462K, committed 10688K, reserved 393216K
  class space    used 1057K, committed 1152K, reserved 327680K
}
Event: 18.221 GC heap before
{Heap before GC invocations=2 (full 0):
 garbage-first heap   total 262144K, used 115158K [0x00000000e0000000, 0x0000000100000000)
  region size 1024K, 104 young (106496K), 3 survivors (3072K)
 Metaspace       used 21298K, committed 21504K, reserved 393216K
  class space    used 2518K, committed 2624K, reserved 327680K
}
Event: 18.247 GC heap after
{Heap after GC invocations=3 (full 0):
 garbage-first heap   total 262144K, used 20204K [0x00000000e0000000, 0x0000000100000000)
  region size 1024K, 12 young (12288K), 12 survivors (12288K)
 Metaspace       used 21298K, committed 21504K, reserved 393216K
  class space    used 2518K, committed 2624K, reserved 327680K
}
Event: 33.555 GC heap before
{Heap before GC invocations=4 (full 0):
 garbage-first heap   total 262144K, used 94956K [0x00000000e0000000, 0x0000000100000000)
  region size 1024K, 86 young (88064K), 12 survivors (12288K)
 Metaspace       used 31552K, committed 31808K, reserved 393216K
  class space    used 4236K, committed 4352K, reserved 327680K
}
Event: 33.578 GC heap after
{Heap after GC invocations=5 (full 0):
 garbage-first heap   total 262144K, used 24608K [0x00000000e0000000, 0x0000000100000000)
  region size 1024K, 5 young (5120K), 5 survivors (5120K)
 Metaspace       used 31552K, committed 31808K, reserved 393216K
  class space    used 4236K, committed 4352K, reserved 327680K
}
Event: 34.450 GC heap before
{Heap before GC invocations=5 (full 0):
 garbage-first heap   total 262144K, used 30752K [0x00000000e0000000, 0x0000000100000000)
  region size 1024K, 12 young (12288K), 5 survivors (5120K)
 Metaspace       used 32495K, committed 32768K, reserved 393216K
  class space    used 4376K, committed 4480K, reserved 327680K
}
Event: 34.461 GC heap after
{Heap after GC invocations=6 (full 0):
 garbage-first heap   total 262144K, used 24672K [0x00000000e0000000, 0x0000000100000000)
  region size 1024K, 1 young (1024K), 1 survivors (1024K)
 Metaspace       used 32495K, committed 32768K, reserved 393216K
  class space    used 4376K, committed 4480K, reserved 327680K
}
Event: 36.545 GC heap before
{Heap before GC invocations=6 (full 0):
 garbage-first heap   total 262144K, used 52320K [0x00000000e0000000, 0x0000000100000000)
  region size 1024K, 29 young (29696K), 1 survivors (1024K)
 Metaspace       used 35619K, committed 35968K, reserved 393216K
  class space    used 4879K, committed 5056K, reserved 327680K
}
Event: 36.552 GC heap after
{Heap after GC invocations=7 (full 0):
 garbage-first heap   total 262144K, used 25397K [0x00000000e0000000, 0x0000000100000000)
  region size 1024K, 2 young (2048K), 2 survivors (2048K)
 Metaspace       used 35619K, committed 35968K, reserved 393216K
  class space    used 4879K, committed 5056K, reserved 327680K
}
Event: 54.249 GC heap before
{Heap before GC invocations=8 (full 0):
 garbage-first heap   total 262144K, used 186165K [0x00000000e0000000, 0x0000000100000000)
  region size 1024K, 153 young (156672K), 2 survivors (2048K)
 Metaspace       used 55174K, committed 55680K, reserved 393216K
  class space    used 7444K, committed 7680K, reserved 327680K
}
Event: 54.455 GC heap after
{Heap after GC invocations=9 (full 0):
 garbage-first heap   total 262144K, used 35726K [0x00000000e0000000, 0x0000000100000000)
  region size 1024K, 12 young (12288K), 12 survivors (12288K)
 Metaspace       used 55174K, committed 55680K, reserved 393216K
  class space    used 7444K, committed 7680K, reserved 327680K
}
Event: 54.922 GC heap before
{Heap before GC invocations=9 (full 0):
 garbage-first heap   total 262144K, used 36750K [0x00000000e0000000, 0x0000000100000000)
  region size 1024K, 13 young (13312K), 12 survivors (12288K)
 Metaspace       used 55287K, committed 55808K, reserved 393216K
  class space    used 7460K, committed 7680K, reserved 327680K
}
Event: 54.954 GC heap after
{Heap after GC invocations=10 (full 0):
 garbage-first heap   total 262144K, used 35744K [0x00000000e0000000, 0x0000000100000000)
  region size 1024K, 2 young (2048K), 2 survivors (2048K)
 Metaspace       used 55287K, committed 55808K, reserved 393216K
  class space    used 7460K, committed 7680K, reserved 327680K
}
Event: 60.488 GC heap before
{Heap before GC invocations=10 (full 0):
 garbage-first heap   total 262144K, used 88992K [0x00000000e0000000, 0x0000000100000000)
  region size 1024K, 55 young (56320K), 2 survivors (2048K)
 Metaspace       used 59573K, committed 60096K, reserved 393216K
  class space    used 8130K, committed 8384K, reserved 327680K
}
Event: 60.500 GC heap after
{Heap after GC invocations=11 (full 0):
 garbage-first heap   total 262144K, used 37285K [0x00000000e0000000, 0x0000000100000000)
  region size 1024K, 3 young (3072K), 3 survivors (3072K)
 Metaspace       used 59573K, committed 60096K, reserved 393216K
  class space    used 8130K, committed 8384K, reserved 327680K
}
Event: 83.638 GC heap before
{Heap before GC invocations=12 (full 0):
 garbage-first heap   total 262144K, used 190885K [0x00000000e0000000, 0x0000000100000000)
  region size 1024K, 153 young (156672K), 3 survivors (3072K)
 Metaspace       used 65720K, committed 66240K, reserved 393216K
  class space    used 8887K, committed 9152K, reserved 327680K
}
Event: 83.720 GC heap after
{Heap after GC invocations=13 (full 0):
 garbage-first heap   total 262144K, used 49276K [0x00000000e0000000, 0x0000000100000000)
  region size 1024K, 15 young (15360K), 15 survivors (15360K)
 Metaspace       used 65720K, committed 66240K, reserved 393216K
  class space    used 8887K, committed 9152K, reserved 327680K
}
Event: 101.739 GC heap before
{Heap before GC invocations=13 (full 0):
 garbage-first heap   total 262144K, used 190588K [0x00000000e0000000, 0x0000000100000000)
  region size 1024K, 153 young (156672K), 15 survivors (15360K)
 Metaspace       used 70225K, committed 70784K, reserved 393216K
  class space    used 9585K, committed 9856K, reserved 327680K
}
Event: 101.923 GC heap after
{Heap after GC invocations=14 (full 0):
 garbage-first heap   total 262144K, used 63538K [0x00000000e0000000, 0x0000000100000000)
  region size 1024K, 18 young (18432K), 18 survivors (18432K)
 Metaspace       used 70225K, committed 70784K, reserved 393216K
  class space    used 9585K, committed 9856K, reserved 327680K
}

