# JRE version: OpenJDK Runtime Environment JBR-17.0.7+7-1000.6-jcef (17.0.7+7) (build 17.0.7+7-b1000.6)
# Java VM: OpenJDK 64-Bit Server VM JBR-17.0.7+7-1000.6-jcef (17.0.7+7-b1000.6, mixed mode, tiered, compressed oops, compressed class ptrs, g1 gc, windows-amd64)
GC Precious Log:
 CPUs: 4 total, 4 available
 Memory: 3534M
 Large Page Support: Disabled
 NUMA Support: Disabled
 Compressed Oops: Enabled (32-bit)
 Heap Region Size: 1M
 Heap Min Capacity: 256M
 Heap Initial Capacity: 256M
 Heap Max Capacity: 512M
 Pre-touch: Disabled
 Parallel Workers: 4
 Concurrent Workers: 1
 Concurrent Refinement Workers: 4
 Periodic GC: Disabled
Heap:
 garbage-first heap   total 262144K, used 160505K [0x00000000e0000000, 0x0000000100000000)
  region size 1024K, 133 young (136192K), 6 survivors (6144K)
 Metaspace       used 52429K, committed 52864K, reserved 393216K
  class space    used 6991K, committed 7168K, reserved 327680K
GC Heap History (10 events):
Event: 1.832 GC heap before
{Heap before GC invocations=0 (full 0):
 garbage-first heap   total 262144K, used 13312K [0x00000000e0000000, 0x0000000100000000)
  region size 1024K, 13 young (13312K), 0 survivors (0K)
 Metaspace       used 7049K, committed 7168K, reserved 393216K
  class space    used 620K, committed 704K, reserved 327680K
}
Event: 1.840 GC heap after
{Heap after GC invocations=1 (full 0):
 garbage-first heap   total 262144K, used 1184K [0x00000000e0000000, 0x0000000100000000)
  region size 1024K, 2 young (2048K), 2 survivors (2048K)
 Metaspace       used 7049K, committed 7168K, reserved 393216K
  class space    used 620K, committed 704K, reserved 327680K
}
Event: 3.767 GC heap before
{Heap before GC invocations=1 (full 0):
 garbage-first heap   total 262144K, used 23712K [0x00000000e0000000, 0x0000000100000000)
  region size 1024K, 21 young (21504K), 2 survivors (2048K)
 Metaspace       used 10425K, committed 10624K, reserved 393216K
  class space    used 1051K, committed 1152K, reserved 327680K
}
Event: 3.774 GC heap after
{Heap after GC invocations=2 (full 0):
 garbage-first heap   total 262144K, used 10855K [0x00000000e0000000, 0x0000000100000000)
  region size 1024K, 3 young (3072K), 3 survivors (3072K)
 Metaspace       used 10425K, committed 10624K, reserved 393216K
  class space    used 1051K, committed 1152K, reserved 327680K
}
Event: 12.628 GC heap before
{Heap before GC invocations=2 (full 0):
 garbage-first heap   total 262144K, used 115303K [0x00000000e0000000, 0x0000000100000000)
  region size 1024K, 104 young (106496K), 3 survivors (3072K)
 Metaspace       used 21289K, committed 21504K, reserved 393216K
  class space    used 2521K, committed 2624K, reserved 327680K
}
Event: 12.647 GC heap after
{Heap after GC invocations=3 (full 0):
 garbage-first heap   total 262144K, used 20007K [0x00000000e0000000, 0x0000000100000000)
  region size 1024K, 11 young (11264K), 11 survivors (11264K)
 Metaspace       used 21289K, committed 21504K, reserved 393216K
  class space    used 2521K, committed 2624K, reserved 327680K
}
Event: 34.151 GC heap before
{Heap before GC invocations=4 (full 0):
 garbage-first heap   total 262144K, used 87591K [0x00000000e0000000, 0x0000000100000000)
  region size 1024K, 78 young (79872K), 11 survivors (11264K)
 Metaspace       used 30532K, committed 30784K, reserved 393216K
  class space    used 4049K, committed 4160K, reserved 327680K
}
Event: 34.200 GC heap after
{Heap after GC invocations=5 (full 0):
 garbage-first heap   total 262144K, used 23890K [0x00000000e0000000, 0x0000000100000000)
  region size 1024K, 4 young (4096K), 4 survivors (4096K)
 Metaspace       used 30532K, committed 30784K, reserved 393216K
  class space    used 4049K, committed 4160K, reserved 327680K
}
Event: 38.938 GC heap before
{Heap before GC invocations=5 (full 0):
 garbage-first heap   total 262144K, used 66898K [0x00000000e0000000, 0x0000000100000000)
  region size 1024K, 47 young (48128K), 4 survivors (4096K)
 Metaspace       used 35647K, committed 35968K, reserved 393216K
  class space    used 4884K, committed 5056K, reserved 327680K
}
Event: 38.947 GC heap after
{Heap after GC invocations=6 (full 0):
 garbage-first heap   total 262144K, used 25337K [0x00000000e0000000, 0x0000000100000000)
  region size 1024K, 6 young (6144K), 6 survivors (6144K)
 Metaspace       used 35647K, committed 35968K, reserved 393216K
  class space    used 4884K, committed 5056K, reserved 327680K
}

