# JRE version: OpenJDK Runtime Environment JBR-17.0.7+7-1000.6-jcef (17.0.7+7) (build 17.0.7+7-b1000.6)
# Java VM: OpenJDK 64-Bit Server VM JBR-17.0.7+7-1000.6-jcef (17.0.7+7-b1000.6, mixed mode, tiered, compressed oops, compressed class ptrs, g1 gc, windows-amd64)
GC Precious Log:
 CPUs: 4 total, 4 available
 Memory: 3534M
 Large Page Support: Disabled
 NUMA Support: Disabled
 Compressed Oops: Enabled (32-bit)
 Heap Region Size: 1M
 Heap Min Capacity: 256M
 Heap Initial Capacity: 256M
 Heap Max Capacity: 512M
 Pre-touch: Disabled
 Parallel Workers: 4
 Concurrent Workers: 1
 Concurrent Refinement Workers: 4
 Periodic GC: Disabled
Heap:
 garbage-first heap   total 262144K, used 41997K [0x00000000e0000000, 0x0000000100000000)
  region size 1024K, 23 young (23552K), 6 survivors (6144K)
 Metaspace       used 38176K, committed 38528K, reserved 393216K
  class space    used 5319K, committed 5504K, reserved 327680K
GC Heap History (10 events):
Event: 3.474 GC heap before
{Heap before GC invocations=0 (full 0):
 garbage-first heap   total 262144K, used 13312K [0x00000000e0000000, 0x0000000100000000)
  region size 1024K, 13 young (13312K), 0 survivors (0K)
 Metaspace       used 7044K, committed 7168K, reserved 393216K
  class space    used 620K, committed 704K, reserved 327680K
}
Event: 3.540 GC heap after
{Heap after GC invocations=1 (full 0):
 garbage-first heap   total 262144K, used 1200K [0x00000000e0000000, 0x0000000100000000)
  region size 1024K, 2 young (2048K), 2 survivors (2048K)
 Metaspace       used 7044K, committed 7168K, reserved 393216K
  class space    used 620K, committed 704K, reserved 327680K
}
Event: 7.093 GC heap before
{Heap before GC invocations=1 (full 0):
 garbage-first heap   total 262144K, used 23728K [0x00000000e0000000, 0x0000000100000000)
  region size 1024K, 21 young (21504K), 2 survivors (2048K)
 Metaspace       used 10455K, committed 10688K, reserved 393216K
  class space    used 1058K, committed 1152K, reserved 327680K
}
Event: 7.107 GC heap after
{Heap after GC invocations=2 (full 0):
 garbage-first heap   total 262144K, used 10884K [0x00000000e0000000, 0x0000000100000000)
  region size 1024K, 3 young (3072K), 3 survivors (3072K)
 Metaspace       used 10455K, committed 10688K, reserved 393216K
  class space    used 1058K, committed 1152K, reserved 327680K
}
Event: 39.489 GC heap before
{Heap before GC invocations=2 (full 0):
 garbage-first heap   total 262144K, used 115332K [0x00000000e0000000, 0x0000000100000000)
  region size 1024K, 104 young (106496K), 3 survivors (3072K)
 Metaspace       used 21353K, committed 21504K, reserved 393216K
  class space    used 2524K, committed 2624K, reserved 327680K
}
Event: 39.556 GC heap after
{Heap after GC invocations=3 (full 0):
 garbage-first heap   total 262144K, used 20047K [0x00000000e0000000, 0x0000000100000000)
  region size 1024K, 11 young (11264K), 11 survivors (11264K)
 Metaspace       used 21353K, committed 21504K, reserved 393216K
  class space    used 2524K, committed 2624K, reserved 327680K
}
Event: 48.300 GC heap before
{Heap before GC invocations=4 (full 0):
 garbage-first heap   total 262144K, used 66127K [0x00000000e0000000, 0x0000000100000000)
  region size 1024K, 57 young (58368K), 11 survivors (11264K)
 Metaspace       used 28029K, committed 28288K, reserved 393216K
  class space    used 3644K, committed 3776K, reserved 327680K
}
Event: 48.327 GC heap after
{Heap after GC invocations=5 (full 0):
 garbage-first heap   total 262144K, used 22940K [0x00000000e0000000, 0x0000000100000000)
  region size 1024K, 3 young (3072K), 3 survivors (3072K)
 Metaspace       used 28029K, committed 28288K, reserved 393216K
  class space    used 3644K, committed 3776K, reserved 327680K
}
Event: 55.441 GC heap before
{Heap before GC invocations=5 (full 0):
 garbage-first heap   total 262144K, used 88476K [0x00000000e0000000, 0x0000000100000000)
  region size 1024K, 68 young (69632K), 3 survivors (3072K)
 Metaspace       used 35758K, committed 36096K, reserved 393216K
  class space    used 4901K, committed 5120K, reserved 327680K
}
Event: 55.472 GC heap after
{Heap after GC invocations=6 (full 0):
 garbage-first heap   total 262144K, used 25613K [0x00000000e0000000, 0x0000000100000000)
  region size 1024K, 6 young (6144K), 6 survivors (6144K)
 Metaspace       used 35758K, committed 36096K, reserved 393216K
  class space    used 4901K, committed 5120K, reserved 327680K
}

