# JRE version: OpenJDK Runtime Environment JBR-17.0.7+7-1000.6-jcef (17.0.7+7) (build 17.0.7+7-b1000.6)
# Java VM: OpenJDK 64-Bit Server VM JBR-17.0.7+7-1000.6-jcef (17.0.7+7-b1000.6, mixed mode, tiered, compressed oops, compressed class ptrs, g1 gc, windows-amd64)
GC Precious Log:
 CPUs: 4 total, 4 available
 Memory: 3534M
 Large Page Support: Disabled
 NUMA Support: Disabled
 Compressed Oops: Enabled (32-bit)
 Heap Region Size: 1M
 Heap Min Capacity: 256M
 Heap Initial Capacity: 256M
 Heap Max Capacity: 512M
 Pre-touch: Disabled
 Parallel Workers: 4
 Concurrent Workers: 1
 Concurrent Refinement Workers: 4
 Periodic GC: Disabled
Heap:
 garbage-first heap   total 262144K, used 169291K [0x00000000e0000000, 0x0000000100000000)
  region size 1024K, 136 young (139264K), 1 survivors (1024K)
 Metaspace       used 53438K, committed 53824K, reserved 393216K
  class space    used 7148K, committed 7360K, reserved 327680K
GC Heap History (12 events):
Event: 1.579 GC heap before
{Heap before GC invocations=0 (full 0):
 garbage-first heap   total 262144K, used 13312K [0x00000000e0000000, 0x0000000100000000)
  region size 1024K, 13 young (13312K), 0 survivors (0K)
 Metaspace       used 7045K, committed 7168K, reserved 393216K
  class space    used 620K, committed 704K, reserved 327680K
}
Event: 1.664 GC heap after
{Heap after GC invocations=1 (full 0):
 garbage-first heap   total 262144K, used 1200K [0x00000000e0000000, 0x0000000100000000)
  region size 1024K, 2 young (2048K), 2 survivors (2048K)
 Metaspace       used 7045K, committed 7168K, reserved 393216K
  class space    used 620K, committed 704K, reserved 327680K
}
Event: 6.333 GC heap before
{Heap before GC invocations=1 (full 0):
 garbage-first heap   total 262144K, used 23728K [0x00000000e0000000, 0x0000000100000000)
  region size 1024K, 21 young (21504K), 2 survivors (2048K)
 Metaspace       used 10472K, committed 10688K, reserved 393216K
  class space    used 1060K, committed 1152K, reserved 327680K
}
Event: 6.340 GC heap after
{Heap after GC invocations=2 (full 0):
 garbage-first heap   total 262144K, used 10714K [0x00000000e0000000, 0x0000000100000000)
  region size 1024K, 3 young (3072K), 3 survivors (3072K)
 Metaspace       used 10472K, committed 10688K, reserved 393216K
  class space    used 1060K, committed 1152K, reserved 327680K
}
Event: 25.966 GC heap before
{Heap before GC invocations=2 (full 0):
 garbage-first heap   total 262144K, used 115162K [0x00000000e0000000, 0x0000000100000000)
  region size 1024K, 104 young (106496K), 3 survivors (3072K)
 Metaspace       used 21300K, committed 21504K, reserved 393216K
  class space    used 2521K, committed 2624K, reserved 327680K
}
Event: 25.989 GC heap after
{Heap after GC invocations=3 (full 0):
 garbage-first heap   total 262144K, used 20318K [0x00000000e0000000, 0x0000000100000000)
  region size 1024K, 12 young (12288K), 12 survivors (12288K)
 Metaspace       used 21300K, committed 21504K, reserved 393216K
  class space    used 2521K, committed 2624K, reserved 327680K
}
Event: 40.494 GC heap before
{Heap before GC invocations=4 (full 0):
 garbage-first heap   total 262144K, used 113502K [0x00000000e0000000, 0x0000000100000000)
  region size 1024K, 104 young (106496K), 12 survivors (12288K)
 Metaspace       used 33580K, committed 33920K, reserved 393216K
  class space    used 4569K, committed 4736K, reserved 327680K
}
Event: 40.531 GC heap after
{Heap after GC invocations=5 (full 0):
 garbage-first heap   total 262144K, used 25104K [0x00000000e0000000, 0x0000000100000000)
  region size 1024K, 5 young (5120K), 5 survivors (5120K)
 Metaspace       used 33580K, committed 33920K, reserved 393216K
  class space    used 4569K, committed 4736K, reserved 327680K
}
Event: 42.024 GC heap before
{Heap before GC invocations=5 (full 0):
 garbage-first heap   total 262144K, used 32272K [0x00000000e0000000, 0x0000000100000000)
  region size 1024K, 12 young (12288K), 5 survivors (5120K)
 Metaspace       used 34585K, committed 34944K, reserved 393216K
  class space    used 4725K, committed 4928K, reserved 327680K
}
Event: 42.038 GC heap after
{Heap after GC invocations=6 (full 0):
 garbage-first heap   total 262144K, used 26048K [0x00000000e0000000, 0x0000000100000000)
  region size 1024K, 1 young (1024K), 1 survivors (1024K)
 Metaspace       used 34585K, committed 34944K, reserved 393216K
  class space    used 4725K, committed 4928K, reserved 327680K
}
Event: 43.509 GC heap before
{Heap before GC invocations=6 (full 0):
 garbage-first heap   total 262144K, used 36288K [0x00000000e0000000, 0x0000000100000000)
  region size 1024K, 12 young (12288K), 1 survivors (1024K)
 Metaspace       used 35675K, committed 35968K, reserved 393216K
  class space    used 4892K, committed 5056K, reserved 327680K
}
Event: 43.516 GC heap after
{Heap after GC invocations=7 (full 0):
 garbage-first heap   total 262144K, used 25931K [0x00000000e0000000, 0x0000000100000000)
  region size 1024K, 1 young (1024K), 1 survivors (1024K)
 Metaspace       used 35675K, committed 35968K, reserved 393216K
  class space    used 4892K, committed 5056K, reserved 327680K
}

