# JRE version: OpenJDK Runtime Environment JBR-17.0.7+7-1000.6-jcef (17.0.7+7) (build 17.0.7+7-b1000.6)
# Java VM: OpenJDK 64-Bit Server VM JBR-17.0.7+7-1000.6-jcef (17.0.7+7-b1000.6, mixed mode, emulated-client, tiered, compressed oops, compressed class ptrs, g1 gc, windows-amd64)
GC Precious Log:
 CPUs: 4 total, 4 available
 Memory: 3534M
 Large Page Support: Disabled
 NUMA Support: Disabled
 Compressed Oops: Enabled (32-bit)
 Heap Region Size: 1M
 Heap Min Capacity: 8M
 Heap Initial Capacity: 56M
 Heap Max Capacity: 884M
 Pre-touch: Disabled
 Parallel Workers: 4
 Concurrent Workers: 1
 Concurrent Refinement Workers: 4
 Periodic GC: Disabled
Heap:
 garbage-first heap   total 109568K, used 38821K [0x00000000c8c00000, 0x0000000100000000)
  region size 1024K, 3 young (3072K), 3 survivors (3072K)
 Metaspace       used 93780K, committed 94400K, reserved 1179648K
  class space    used 13483K, committed 13760K, reserved 1048576K
GC Heap History (20 events):
Event: 196.775 GC heap after
{Heap after GC invocations=34 (full 1):
 garbage-first heap   total 122880K, used 39898K [0x00000000c8c00000, 0x0000000100000000)
  region size 1024K, 4 young (4096K), 4 survivors (4096K)
 Metaspace       used 90604K, committed 91264K, reserved 1179648K
  class space    used 13119K, committed 13440K, reserved 1048576K
}
Event: 198.916 GC heap before
{Heap before GC invocations=34 (full 1):
 garbage-first heap   total 122880K, used 94170K [0x00000000c8c00000, 0x0000000100000000)
  region size 1024K, 57 young (58368K), 4 survivors (4096K)
 Metaspace       used 91073K, committed 91776K, reserved 1179648K
  class space    used 13168K, committed 13504K, reserved 1048576K
}
Event: 198.940 GC heap after
{Heap after GC invocations=35 (full 1):
 garbage-first heap   total 122880K, used 43322K [0x00000000c8c00000, 0x0000000100000000)
  region size 1024K, 8 young (8192K), 8 survivors (8192K)
 Metaspace       used 91073K, committed 91776K, reserved 1179648K
  class space    used 13168K, committed 13504K, reserved 1048576K
}
Event: 200.839 GC heap before
{Heap before GC invocations=35 (full 1):
 garbage-first heap   total 122880K, used 95546K [0x00000000c8c00000, 0x0000000100000000)
  region size 1024K, 59 young (60416K), 8 survivors (8192K)
 Metaspace       used 91346K, committed 91968K, reserved 1179648K
  class space    used 13195K, committed 13504K, reserved 1048576K
}
Event: 200.881 GC heap after
{Heap after GC invocations=36 (full 1):
 garbage-first heap   total 122880K, used 45784K [0x00000000c8c00000, 0x0000000100000000)
  region size 1024K, 7 young (7168K), 7 survivors (7168K)
 Metaspace       used 91346K, committed 91968K, reserved 1179648K
  class space    used 13195K, committed 13504K, reserved 1048576K
}
Event: 202.528 GC heap before
{Heap before GC invocations=36 (full 1):
 garbage-first heap   total 122880K, used 52952K [0x00000000c8c00000, 0x0000000100000000)
  region size 1024K, 15 young (15360K), 7 survivors (7168K)
 Metaspace       used 91350K, committed 92032K, reserved 1179648K
  class space    used 13196K, committed 13504K, reserved 1048576K
}
Event: 202.656 GC heap after
{Heap after GC invocations=37 (full 2):
 garbage-first heap   total 119808K, used 34366K [0x00000000c8c00000, 0x0000000100000000)
  region size 1024K, 0 young (0K), 0 survivors (0K)
 Metaspace       used 90950K, committed 92032K, reserved 1179648K
  class space    used 13106K, committed 13504K, reserved 1048576K
}
Event: 206.440 GC heap before
{Heap before GC invocations=37 (full 2):
 garbage-first heap   total 119808K, used 92734K [0x00000000c8c00000, 0x0000000100000000)
  region size 1024K, 57 young (58368K), 0 survivors (0K)
 Metaspace       used 91310K, committed 92032K, reserved 1179648K
  class space    used 13149K, committed 13504K, reserved 1048576K
}
Event: 206.450 GC heap after
{Heap after GC invocations=38 (full 2):
 garbage-first heap   total 119808K, used 39060K [0x00000000c8c00000, 0x0000000100000000)
  region size 1024K, 5 young (5120K), 5 survivors (5120K)
 Metaspace       used 91310K, committed 92032K, reserved 1179648K
  class space    used 13149K, committed 13504K, reserved 1048576K
}
Event: 207.855 GC heap before
{Heap before GC invocations=38 (full 2):
 garbage-first heap   total 119808K, used 94356K [0x00000000c8c00000, 0x0000000100000000)
  region size 1024K, 59 young (60416K), 5 survivors (5120K)
 Metaspace       used 91720K, committed 92288K, reserved 1179648K
  class space    used 13188K, committed 13504K, reserved 1048576K
}
Event: 207.972 GC heap after
{Heap after GC invocations=39 (full 2):
 garbage-first heap   total 119808K, used 42198K [0x00000000c8c00000, 0x0000000100000000)
  region size 1024K, 8 young (8192K), 8 survivors (8192K)
 Metaspace       used 91720K, committed 92288K, reserved 1179648K
  class space    used 13188K, committed 13504K, reserved 1048576K
}
Event: 208.781 GC heap before
{Heap before GC invocations=39 (full 2):
 garbage-first heap   total 119808K, used 94422K [0x00000000c8c00000, 0x0000000100000000)
  region size 1024K, 59 young (60416K), 8 survivors (8192K)
 Metaspace       used 91947K, committed 92544K, reserved 1179648K
  class space    used 13209K, committed 13504K, reserved 1048576K
}
Event: 209.247 GC heap after
{Heap after GC invocations=40 (full 2):
 garbage-first heap   total 119808K, used 44488K [0x00000000c8c00000, 0x0000000100000000)
  region size 1024K, 7 young (7168K), 7 survivors (7168K)
 Metaspace       used 91947K, committed 92544K, reserved 1179648K
  class space    used 13209K, committed 13504K, reserved 1048576K
}
Event: 335.239 GC heap before
{Heap before GC invocations=40 (full 2):
 garbage-first heap   total 119808K, used 87496K [0x00000000c8c00000, 0x0000000100000000)
  region size 1024K, 49 young (50176K), 7 survivors (7168K)
 Metaspace       used 93475K, committed 94080K, reserved 1179648K
  class space    used 13443K, committed 13696K, reserved 1048576K
}
Event: 335.456 GC heap after
{Heap after GC invocations=41 (full 2):
 garbage-first heap   total 119808K, used 46230K [0x00000000c8c00000, 0x0000000100000000)
  region size 1024K, 5 young (5120K), 5 survivors (5120K)
 Metaspace       used 93475K, committed 94080K, reserved 1179648K
  class space    used 13443K, committed 13696K, reserved 1048576K
}
Event: 583.212 GC heap before
{Heap before GC invocations=41 (full 2):
 garbage-first heap   total 119808K, used 73878K [0x00000000c8c00000, 0x0000000100000000)
  region size 1024K, 33 young (33792K), 5 survivors (5120K)
 Metaspace       used 93493K, committed 94080K, reserved 1179648K
  class space    used 13446K, committed 13696K, reserved 1048576K
}
Event: 584.817 GC heap after
{Heap after GC invocations=42 (full 3):
 garbage-first heap   total 109568K, used 31572K [0x00000000c8c00000, 0x0000000100000000)
  region size 1024K, 0 young (0K), 0 survivors (0K)
 Metaspace       used 93375K, committed 94080K, reserved 1179648K
  class space    used 13427K, committed 13696K, reserved 1048576K
}
Event: 610.413 GC heap before
{Heap before GC invocations=42 (full 3):
 garbage-first heap   total 109568K, used 86868K [0x00000000c8c00000, 0x0000000100000000)
  region size 1024K, 54 young (55296K), 0 survivors (0K)
 Metaspace       used 93752K, committed 94336K, reserved 1179648K
  class space    used 13479K, committed 13760K, reserved 1048576K
}
Event: 611.728 GC heap after
{Heap after GC invocations=43 (full 3):
 garbage-first heap   total 109568K, used 36904K [0x00000000c8c00000, 0x0000000100000000)
  region size 1024K, 6 young (6144K), 6 survivors (6144K)
 Metaspace       used 93752K, committed 94336K, reserved 1179648K
  class space    used 13479K, committed 13760K, reserved 1048576K
}
Event: 621.118 GC heap before
{Heap before GC invocations=43 (full 3):
 garbage-first heap   total 109568K, used 56360K [0x00000000c8c00000, 0x0000000100000000)
  region size 1024K, 25 young (25600K), 6 survivors (6144K)
 Metaspace       used 93780K, committed 94400K, reserved 1179648K
  class space    used 13483K, committed 13760K, reserved 1048576K
}

